[    2456ms] [WARNING] i18next is maintained with support from locize.com — consider powering your project with managed localization (AI, CDN, integrations): https://locize.com @ http://localhost:3000/_next/static/chunks/node_modules_next_dist_f3530cac._.js:2297
[   38671ms] [ERROR] Failed to load resource: the server responded with a status of 403 (Forbidden) @ http://localhost:8000/api/v1/chats:0
[   38674ms] [ERROR] Failed to load resource: the server responded with a status of 403 (Forbidden) @ http://localhost:8000/api/v1/notifications/unread-count:0
[   38894ms] [WARNING] i18next is maintained with support from locize.com — consider powering your project with managed localization (AI, CDN, integrations): https://locize.com @ http://localhost:3000/_next/static/chunks/node_modules_next_dist_f3530cac._.js:2297
[   39050ms] Error: Hydration failed because the server rendered HTML didn't match the client. As a result this tree will be regenerated on the client. This can happen if a SSR-ed Client Component used:

- A server/client branch `if (typeof window !== 'undefined')`.
- Variable input such as `Date.now()` or `Math.random()` which changes each time it's called.
- Date formatting in a user's locale which doesn't match the server.
- External changing data without sending a snapshot of it along with the HTML.
- Invalid HTML tag nesting.

It can also happen if the client has a browser extension installed which messes with the HTML before React loaded.

https://react.dev/link/hydration-mismatch

  ...
    <InnerScrollAndFocusHandler segmentPath={[...]} focusAndScrollRef={{apply:false, ...}}>
      <ErrorBoundary errorComponent={undefined} errorStyles={undefined} errorScripts={undefined}>
        <LoadingBoundary name="verify-ema..." loading={null}>
          <HTTPAccessFallbackBoundary notFound={undefined} forbidden={undefined} unauthorized={undefined}>
            <RedirectBoundary>
              <RedirectErrorBoundary router={{...}}>
                <InnerLayoutRouter url="/verify-em..." tree={[...]} params={{}} cacheNode={{rsc:<Fragment>, ...}} ...>
                  <SegmentViewNode type="page" pagePath="verify-ema...">
                    <SegmentTrieNode>
                    <ClientPageRoot Component={function VerifyEmailPendingPage} serverProvidedParams={{...}}>
                      <VerifyEmailPendingPage params={Promise} searchParams={Promise}>
                        <div className="min-h-scre...">
                          <div className="w-full max...">
                            <div className="bg-card ro...">
                              <div>
                              <div>
                              <div
+                               className="bg-muted/50 rounded-md p-3 mb-6 text-center"
-                               className="space-y-3 mb-6"
                              >
+                               <p className="text-sm text-muted-foreground mb-1">
-                               <div className="flex items-start gap-3">
                                ...
                              ...
                  ...
                ...
      ...

    at throwOnHydrationMismatch (http://localhost:3000/_next/static/chunks/node_modules_next_dist_compiled_react-dom_1e674e59._.js:3348:56)
    at beginWork (http://localhost:3000/_next/static/chunks/node_modules_next_dist_compiled_react-dom_1e674e59._.js:6775:918)
    at runWithFiberInDEV (http://localhost:3000/_next/static/chunks/node_modules_next_dist_compiled_react-dom_1e674e59._.js:965:74)
    at performUnitOfWork (http://localhost:3000/_next/static/chunks/node_modules_next_dist_compiled_react-dom_1e674e59._.js:9562:97)
    at workLoopConcurrentByScheduler (http://localhost:3000/_next/static/chunks/node_modules_next_dist_compiled_react-dom_1e674e59._.js:9558:58)
    at renderRootConcurrent (http://localhost:3000/_next/static/chunks/node_modules_next_dist_compiled_react-dom_1e674e59._.js:9541:71)
    at performWorkOnRoot (http://localhost:3000/_next/static/chunks/node_modules_next_dist_compiled_react-dom_1e674e59._.js:9068:150)
    at performWorkOnRootViaSchedulerTask (http://localhost:3000/_next/static/chunks/node_modules_next_dist_compiled_react-dom_1e674e59._.js:10230:9)
    at MessagePort.performWorkUntilDeadline (http://localhost:3000/_next/static/chunks/node_modules_next_dist_compiled_a0e4c7b4._.js:2647:64)
[   39057ms] [WARNING] WebSocket connection to 'ws://localhost:8000/ws?token=eyJhbGciOiJIUzI1NiIsInR5cCI6IkpXVCJ9.eyJ1c2VySWQiOiIwYTRkZjI3NS0zNDQyLTQ2Y2EtYTg2MC01OTE4NDM3YzQ2MTEiLCJyb2xlcyI6WyJDT01QQU5ZIl0sInRva2VuVmVyc2lvbiI6MCwiZW1haWxWZXJpZmllZCI6ZmFsc2UsImlhdCI6MTc3MTI2MzYwNiwiZXhwIjoxNzcxMjY0NTA2fQ.Dzlyi7XT_0xiRPBu1SA9_fknFdrOTFznhQ-qbKDqC5I' failed: WebSocket is closed before the connection is established. @ http://localhost:3000/_next/static/chunks/src_468cb7e2._.js:502
[   39132ms] [ERROR] WebSocket error - connection failed. Check if server is running at http://localhost:8000 @ http://localhost:3000/_next/static/chunks/node_modules_next_dist_f3530cac._.js:3127
[   39164ms] [ERROR] Failed to load resource: the server responded with a status of 403 (Forbidden) @ http://localhost:8000/api/v1/chats:0
[   39165ms] [ERROR] Failed to load resource: the server responded with a status of 403 (Forbidden) @ http://localhost:8000/api/v1/notifications/unread-count:0
[   40176ms] [ERROR] Failed to load resource: the server responded with a status of 403 (Forbidden) @ http://localhost:8000/api/v1/notifications/unread-count:0
[   40176ms] [ERROR] Failed to load resource: the server responded with a status of 403 (Forbidden) @ http://localhost:8000/api/v1/chats:0
