[     586ms] [WARNING] i18next is maintained with support from locize.com — consider powering your project with managed localization (AI, CDN, integrations): https://locize.com @ http://localhost:3000/_next/static/chunks/node_modules_next_dist_f3530cac._.js:2297
[     691ms] [ERROR] In HTML, %s cannot be a descendant of <%s>.
This will cause a hydration error.%s <div> p 

  ...
    <LoadingBoundary name="blog/" loading={null}>
      <HTTPAccessFallbackBoundary notFound={undefined} forbidden={undefined} unauthorized={undefined}>
        <RedirectBoundary>
          <RedirectErrorBoundary router={{...}}>
            <InnerLayoutRouter url="/dashboard..." tree={[...]} params={{}} cacheNode={{rsc:<Fragment>, ...}} ...>
              <SegmentViewNode type="page" pagePath="dashboard/...">
                <SegmentTrieNode>
                <ClientPageRoot Component={function BlogDashboardPage} serverProvidedParams={{...}}>
                  <BlogDashboardPage params={Promise} searchParams={Promise}>
                    <div className="space-y-6">
                      <div>
                      <div className="grid grid-...">
                        <div className="rounded-xl...">
                          <div className="flex items...">
                            <div>
                            <div>
>                             <p className="text-2xl font-bold tabular-nums">
                                <Skeleton className="h-7 w-8">
>                                 <div className="animate-pulse rounded-md bg-muted h-7 w-8">
                              ...
                        ...
                      ...
              ...
            ...
 @ http://localhost:3000/_next/static/chunks/node_modules_next_dist_f3530cac._.js:3127
[     692ms] [ERROR] <%s> cannot contain a nested %s.
See this log for the ancestor stack trace. p <div> @ http://localhost:3000/_next/static/chunks/node_modules_next_dist_f3530cac._.js:3127
