[     240ms] [WARNING] i18next is maintained with support from locize.com — consider powering your project with managed localization (AI, CDN, integrations): https://locize.com @ http://localhost:3000/_next/static/chunks/node_modules_next_dist_f3530cac._.js:2297
[  625236ms] [WARNING] i18next is maintained with support from locize.com — consider powering your project with managed localization (AI, CDN, integrations): https://locize.com @ http://localhost:3000/_next/static/chunks/node_modules_next_dist_f3530cac._.js:2297
[  625243ms] [WARNING] i18next: init: i18next is already initialized. You should call init just once! @ http://localhost:3000/_next/static/chunks/node_modules_next_dist_f3530cac._.js:2297
[  627659ms] [WARNING] i18next is maintained with support from locize.com — consider powering your project with managed localization (AI, CDN, integrations): https://locize.com @ http://localhost:3000/_next/static/chunks/node_modules_next_dist_f3530cac._.js:2297
[  627660ms] [WARNING] i18next: init: i18next is already initialized. You should call init just once! @ http://localhost:3000/_next/static/chunks/node_modules_next_dist_f3530cac._.js:2297
[  667587ms] [WARNING] i18next is maintained with support from locize.com — consider powering your project with managed localization (AI, CDN, integrations): https://locize.com @ http://localhost:3000/_next/static/chunks/node_modules_next_dist_f3530cac._.js:2297
[  667587ms] [WARNING] i18next: init: i18next is already initialized. You should call init just once! @ http://localhost:3000/_next/static/chunks/node_modules_next_dist_f3530cac._.js:2297
[  713824ms] [WARNING] i18next is maintained with support from locize.com — consider powering your project with managed localization (AI, CDN, integrations): https://locize.com @ http://localhost:3000/_next/static/chunks/node_modules_next_dist_f3530cac._.js:2297
[  713824ms] [WARNING] i18next: init: i18next is already initialized. You should call init just once! @ http://localhost:3000/_next/static/chunks/node_modules_next_dist_f3530cac._.js:2297
[  736707ms] [WARNING] i18next is maintained with support from locize.com — consider powering your project with managed localization (AI, CDN, integrations): https://locize.com @ http://localhost:3000/_next/static/chunks/node_modules_next_dist_f3530cac._.js:2297
[  736708ms] [WARNING] i18next: init: i18next is already initialized. You should call init just once! @ http://localhost:3000/_next/static/chunks/node_modules_next_dist_f3530cac._.js:2297
[  758384ms] [WARNING] i18next is maintained with support from locize.com — consider powering your project with managed localization (AI, CDN, integrations): https://locize.com @ http://localhost:3000/_next/static/chunks/node_modules_next_dist_f3530cac._.js:2297
[  758384ms] [WARNING] i18next: init: i18next is already initialized. You should call init just once! @ http://localhost:3000/_next/static/chunks/node_modules_next_dist_f3530cac._.js:2297
[  768843ms] [WARNING] i18next is maintained with support from locize.com — consider powering your project with managed localization (AI, CDN, integrations): https://locize.com @ http://localhost:3000/_next/static/chunks/node_modules_next_dist_f3530cac._.js:2297
[  768843ms] [WARNING] i18next: init: i18next is already initialized. You should call init just once! @ http://localhost:3000/_next/static/chunks/node_modules_next_dist_f3530cac._.js:2297
[  788256ms] [WARNING] i18next is maintained with support from locize.com — consider powering your project with managed localization (AI, CDN, integrations): https://locize.com @ http://localhost:3000/_next/static/chunks/node_modules_next_dist_f3530cac._.js:2297
[  788257ms] [WARNING] i18next: init: i18next is already initialized. You should call init just once! @ http://localhost:3000/_next/static/chunks/node_modules_next_dist_f3530cac._.js:2297
[  798896ms] [WARNING] i18next is maintained with support from locize.com — consider powering your project with managed localization (AI, CDN, integrations): https://locize.com @ http://localhost:3000/_next/static/chunks/node_modules_next_dist_f3530cac._.js:2297
[  798897ms] [WARNING] i18next: init: i18next is already initialized. You should call init just once! @ http://localhost:3000/_next/static/chunks/node_modules_next_dist_f3530cac._.js:2297
[  804719ms] [WARNING] i18next is maintained with support from locize.com — consider powering your project with managed localization (AI, CDN, integrations): https://locize.com @ http://localhost:3000/_next/static/chunks/node_modules_next_dist_f3530cac._.js:2297
[  804719ms] [WARNING] i18next: init: i18next is already initialized. You should call init just once! @ http://localhost:3000/_next/static/chunks/node_modules_next_dist_f3530cac._.js:2297
[  822834ms] [WARNING] i18next is maintained with support from locize.com — consider powering your project with managed localization (AI, CDN, integrations): https://locize.com @ http://localhost:3000/_next/static/chunks/node_modules_next_dist_f3530cac._.js:2297
[  822835ms] [WARNING] i18next: init: i18next is already initialized. You should call init just once! @ http://localhost:3000/_next/static/chunks/node_modules_next_dist_f3530cac._.js:2297
[  835747ms] [WARNING] i18next is maintained with support from locize.com — consider powering your project with managed localization (AI, CDN, integrations): https://locize.com @ http://localhost:3000/_next/static/chunks/node_modules_next_dist_f3530cac._.js:2297
[  835748ms] [WARNING] i18next: init: i18next is already initialized. You should call init just once! @ http://localhost:3000/_next/static/chunks/node_modules_next_dist_f3530cac._.js:2297
[  962933ms] [ERROR] Failed to load resource: the server responded with a status of 401 (Unauthorized) @ http://localhost:8000/api/v1/notifications/unread-count:0
[  963156ms] [ERROR] Failed to load resource: the server responded with a status of 401 (Unauthorized) @ http://localhost:8000/api/v1/auth/refresh:0
[  963159ms] [ERROR] Failed to refresh token: AxiosError: Request failed with status code 401
    at settle (http://localhost:3000/_next/static/chunks/node_modules_axios_lib_99e19c7d._.js:1935:16)
    at XMLHttpRequest.onloadend (http://localhost:3000/_next/static/chunks/node_modules_axios_lib_99e19c7d._.js:2449:174)
    at Axios.request (http://localhost:3000/_next/static/chunks/node_modules_axios_lib_99e19c7d._.js:3253:49)
    at async http://localhost:3000/_next/static/chunks/src_468cb7e2._.js:1190:30
    at async eval (http://localhost:3000/_next/static/chunks/src_468cb7e2._.js?id=%255Bproject%255D%252Fsrc%252Flib%252Fapi%252Faxios.config.ts+%255Bapp-client%255D+%2528ecmascript%2529:107:32)
    at async Axios.request (http://localhost:3000/_next/static/chunks/node_modules_axios_lib_99e19c7d._.js:3249:20)
    at async NotificationService.getUnreadCount (http://localhost:3000/_next/static/chunks/src_468cb7e2._.js:1634:26) @ http://localhost:3000/_next/static/chunks/node_modules_next_dist_f3530cac._.js:3127
[  963159ms] [WARNING] Token refresh failed: session_expired @ http://localhost:3000/_next/static/chunks/node_modules_next_dist_f3530cac._.js:2297
[  964195ms] [ERROR] Failed to load resource: the server responded with a status of 401 (Unauthorized) @ http://localhost:8000/api/v1/notifications/unread-count:0
[  964195ms] [WARNING] Token refresh failed: no_refresh_token @ http://localhost:3000/_next/static/chunks/node_modules_next_dist_f3530cac._.js:2297
[  965093ms] [WARNING] i18next is maintained with support from locize.com — consider powering your project with managed localization (AI, CDN, integrations): https://locize.com @ http://localhost:3000/_next/static/chunks/node_modules_next_dist_f3530cac._.js:2297
