[    2859ms] [WARNING] i18next is maintained with support from locize.com — consider powering your project with managed localization (AI, CDN, integrations): https://locize.com @ http://localhost:3000/_next/static/chunks/node_modules_next_dist_f3530cac._.js:2297
[    5292ms] [ERROR] WebSocket connection to 'ws://localhost:8000/ws?token=eyJhbGciOiJIUzI1NiIsInR5cCI6IkpXVCJ9.eyJ1c2VySWQiOiIwYTY1M2I5NC0yMTM3LTQ4NDYtYTM0MS05ZWY0MzU3NjhkNjgiLCJyb2xlcyI6WyJVU0VSIiwiQURNSU4iXSwidG9rZW5WZXJzaW9uIjowLCJlbWFpbFZlcmlmaWVkIjp0cnVlLCJpYXQiOjE3NzEzMTc4NDEsImV4cCI6MTc3MTMxODc0MX0.W0RoWTr6Pndqse8Nxw4SdSHVhb-KCthzHy2SsHDh8Mg' failed: Error in connection establishment: net::ERR_CONNECTION_REFUSED @ http://localhost:3000/_next/static/chunks/src_468cb7e2._.js:499
[    5292ms] [ERROR] WebSocket error - connection failed. Check if server is running at http://localhost:8000 @ http://localhost:3000/_next/static/chunks/node_modules_next_dist_f3530cac._.js:3127
[    5479ms] [ERROR] Failed to load resource: net::ERR_CONNECTION_REFUSED @ http://localhost:8000/api/v1/locations?limit=100:0
[    5479ms] [ERROR] Failed to load resource: net::ERR_CONNECTION_REFUSED @ http://localhost:8000/api/v1/guides?page=1&limit=12:0
[    5479ms] [ERROR] Failed to load resource: net::ERR_CONNECTION_REFUSED @ http://localhost:8000/api/v1/chats:0
[    5479ms] [ERROR] Failed to load resource: net::ERR_CONNECTION_REFUSED @ http://localhost:8000/api/v1/notifications/unread-count:0
[    8634ms] [ERROR] WebSocket connection to 'ws://localhost:8000/ws?token=eyJhbGciOiJIUzI1NiIsInR5cCI6IkpXVCJ9.eyJ1c2VySWQiOiIwYTY1M2I5NC0yMTM3LTQ4NDYtYTM0MS05ZWY0MzU3NjhkNjgiLCJyb2xlcyI6WyJVU0VSIiwiQURNSU4iXSwidG9rZW5WZXJzaW9uIjowLCJlbWFpbFZlcmlmaWVkIjp0cnVlLCJpYXQiOjE3NzEzMTc4NDEsImV4cCI6MTc3MTMxODc0MX0.W0RoWTr6Pndqse8Nxw4SdSHVhb-KCthzHy2SsHDh8Mg' failed: Error in connection establishment: net::ERR_CONNECTION_REFUSED @ http://localhost:3000/_next/static/chunks/src_468cb7e2._.js:499
[    8634ms] [ERROR] WebSocket error - connection failed. Check if server is running at http://localhost:8000 @ http://localhost:3000/_next/static/chunks/node_modules_next_dist_f3530cac._.js:3127
[    8837ms] [ERROR] Failed to load resource: net::ERR_CONNECTION_REFUSED @ http://localhost:8000/api/v1/locations?limit=100:0
[    8838ms] [ERROR] Failed to load resource: net::ERR_CONNECTION_REFUSED @ http://localhost:8000/api/v1/guides?page=1&limit=12:0
[    8838ms] [ERROR] Failed to load resource: net::ERR_CONNECTION_REFUSED @ http://localhost:8000/api/v1/chats:0
[    8838ms] [ERROR] Failed to load resource: net::ERR_CONNECTION_REFUSED @ http://localhost:8000/api/v1/notifications/unread-count:0
[   12989ms] [ERROR] WebSocket connection to 'ws://localhost:8000/ws?token=eyJhbGciOiJIUzI1NiIsInR5cCI6IkpXVCJ9.eyJ1c2VySWQiOiIwYTY1M2I5NC0yMTM3LTQ4NDYtYTM0MS05ZWY0MzU3NjhkNjgiLCJyb2xlcyI6WyJVU0VSIiwiQURNSU4iXSwidG9rZW5WZXJzaW9uIjowLCJlbWFpbFZlcmlmaWVkIjp0cnVlLCJpYXQiOjE3NzEzMTc4NDEsImV4cCI6MTc3MTMxODc0MX0.W0RoWTr6Pndqse8Nxw4SdSHVhb-KCthzHy2SsHDh8Mg' failed: Error in connection establishment: net::ERR_CONNECTION_REFUSED @ http://localhost:3000/_next/static/chunks/src_468cb7e2._.js:499
[   12989ms] [ERROR] WebSocket error - connection failed. Check if server is running at http://localhost:8000 @ http://localhost:3000/_next/static/chunks/node_modules_next_dist_f3530cac._.js:3127
[   19332ms] [ERROR] WebSocket connection to 'ws://localhost:8000/ws?token=eyJhbGciOiJIUzI1NiIsInR5cCI6IkpXVCJ9.eyJ1c2VySWQiOiIwYTY1M2I5NC0yMTM3LTQ4NDYtYTM0MS05ZWY0MzU3NjhkNjgiLCJyb2xlcyI6WyJVU0VSIiwiQURNSU4iXSwidG9rZW5WZXJzaW9uIjowLCJlbWFpbFZlcmlmaWVkIjp0cnVlLCJpYXQiOjE3NzEzMTc4NDEsImV4cCI6MTc3MTMxODc0MX0.W0RoWTr6Pndqse8Nxw4SdSHVhb-KCthzHy2SsHDh8Mg' failed: Error in connection establishment: net::ERR_CONNECTION_REFUSED @ http://localhost:3000/_next/static/chunks/src_468cb7e2._.js:499
[   19333ms] [ERROR] WebSocket error - connection failed. Check if server is running at http://localhost:8000 @ http://localhost:3000/_next/static/chunks/node_modules_next_dist_f3530cac._.js:3127
[   30010ms] [ERROR] Failed to load resource: the server responded with a status of 403 (Forbidden) @ http://localhost:8000/api/v1/auth/refresh:0
[   30010ms] [ERROR] WebSocket: Token refresh failed Error: Token refresh failed
    at WebSocketManager.handleAuthFailure (http://localhost:3000/_next/static/chunks/src_468cb7e2._.js:639:23) @ http://localhost:3000/_next/static/chunks/node_modules_next_dist_f3530cac._.js:3127
