[     534ms] [WARNING] i18next is maintained with support from locize.com — consider powering your project with managed localization (AI, CDN, integrations): https://locize.com @ http://localhost:3000/_next/static/chunks/node_modules_next_dist_f3530cac._.js:2297
[   28106ms] [ERROR] Failed to load resource: the server responded with a status of 400 (Bad Request) @ http://localhost:8000/api/v1/guides?page=0:0
[   28108ms] [ERROR] Failed to load resource: the server responded with a status of 400 (Bad Request) @ http://localhost:8000/api/v1/guides?page=-1:0
[   46114ms] [ERROR] Failed to load resource: the server responded with a status of 401 (Unauthorized) @ http://localhost:8000/api/v1/guides/my:0
[   46145ms] [ERROR] Failed to load resource: the server responded with a status of 404 (Not Found) @ http://localhost:8000/api/v1/guides/00000000-0000-0000-0000-000000000000:0
[   46148ms] [ERROR] Failed to load resource: the server responded with a status of 400 (Bad Request) @ http://localhost:8000/api/v1/guides/not-a-uuid:0
[   46152ms] [ERROR] Failed to load resource: the server responded with a status of 404 (Not Found) @ http://localhost:8000/api/etc/passwd:0
[   56813ms] [ERROR] WebSocket connection to 'ws://localhost:8000/ws?token=eyJhbGciOiJIUzI1NiIsInR5cCI6IkpXVCJ9.eyJ1c2VySWQiOiI4MDY5NDRlOC0xMGVjLTQ1Y2QtOTk3Yy1lZTNiODk1Mzk1YTYiLCJyb2xlcyI6WyJHVUlERSJdLCJ0b2tlblZlcnNpb24iOjAsImVtYWlsVmVyaWZpZWQiOnRydWUsImlhdCI6MTc3MTMyMDE4NiwiZXhwIjoxNzcxMzIxMDg2fQ.Yj6a9hu-SO0Cj6FD17aGB93F4gViNz1Zz8LIfey3d3E' failed: Error in connection establishment: net::ERR_CONNECTION_REFUSED @ http://localhost:3000/_next/static/chunks/src_468cb7e2._.js:499
[   56817ms] [ERROR] WebSocket error - connection failed. Check if server is running at http://localhost:8000 @ http://localhost:3000/_next/static/chunks/node_modules_next_dist_f3530cac._.js:3127
[   61180ms] [ERROR] WebSocket connection to 'ws://localhost:8000/ws?token=eyJhbGciOiJIUzI1NiIsInR5cCI6IkpXVCJ9.eyJ1c2VySWQiOiI4MDY5NDRlOC0xMGVjLTQ1Y2QtOTk3Yy1lZTNiODk1Mzk1YTYiLCJyb2xlcyI6WyJHVUlERSJdLCJ0b2tlblZlcnNpb24iOjAsImVtYWlsVmVyaWZpZWQiOnRydWUsImlhdCI6MTc3MTMyMDE4NiwiZXhwIjoxNzcxMzIxMDg2fQ.Yj6a9hu-SO0Cj6FD17aGB93F4gViNz1Zz8LIfey3d3E' failed: Error in connection establishment: net::ERR_CONNECTION_REFUSED @ http://localhost:3000/_next/static/chunks/src_468cb7e2._.js:499
[   61180ms] [ERROR] WebSocket error - connection failed. Check if server is running at http://localhost:8000 @ http://localhost:3000/_next/static/chunks/node_modules_next_dist_f3530cac._.js:3127
[   67515ms] [ERROR] WebSocket connection to 'ws://localhost:8000/ws?token=eyJhbGciOiJIUzI1NiIsInR5cCI6IkpXVCJ9.eyJ1c2VySWQiOiI4MDY5NDRlOC0xMGVjLTQ1Y2QtOTk3Yy1lZTNiODk1Mzk1YTYiLCJyb2xlcyI6WyJHVUlERSJdLCJ0b2tlblZlcnNpb24iOjAsImVtYWlsVmVyaWZpZWQiOnRydWUsImlhdCI6MTc3MTMyMDE4NiwiZXhwIjoxNzcxMzIxMDg2fQ.Yj6a9hu-SO0Cj6FD17aGB93F4gViNz1Zz8LIfey3d3E' failed: Error in connection establishment: net::ERR_CONNECTION_REFUSED @ http://localhost:3000/_next/static/chunks/src_468cb7e2._.js:499
[   67515ms] [ERROR] WebSocket error - connection failed. Check if server is running at http://localhost:8000 @ http://localhost:3000/_next/static/chunks/node_modules_next_dist_f3530cac._.js:3127
[   70337ms] [ERROR] Failed to load resource: net::ERR_CONNECTION_REFUSED @ http://localhost:8000/api/v1/notifications/unread-count:0
[   73705ms] [ERROR] Failed to load resource: net::ERR_CONNECTION_REFUSED @ http://localhost:8000/api/v1/notifications/unread-count:0
[   77886ms] [ERROR] WebSocket connection to 'ws://localhost:8000/ws?token=eyJhbGciOiJIUzI1NiIsInR5cCI6IkpXVCJ9.eyJ1c2VySWQiOiI4MDY5NDRlOC0xMGVjLTQ1Y2QtOTk3Yy1lZTNiODk1Mzk1YTYiLCJyb2xlcyI6WyJHVUlERSJdLCJ0b2tlblZlcnNpb24iOjAsImVtYWlsVmVyaWZpZWQiOnRydWUsImlhdCI6MTc3MTMyMDE4NiwiZXhwIjoxNzcxMzIxMDg2fQ.Yj6a9hu-SO0Cj6FD17aGB93F4gViNz1Zz8LIfey3d3E' failed: Error in connection establishment: net::ERR_CONNECTION_REFUSED @ http://localhost:3000/_next/static/chunks/src_468cb7e2._.js:499
[   77886ms] [ERROR] WebSocket error - connection failed. Check if server is running at http://localhost:8000 @ http://localhost:3000/_next/static/chunks/node_modules_next_dist_f3530cac._.js:3127
[   79098ms] [ERROR] Failed to load resource: net::ERR_CONNECTION_REFUSED @ http://localhost:8000/api/v1/auth/csrf-token:0
[   88130ms] [ERROR] Failed to load resource: net::ERR_CONNECTION_REFUSED @ http://localhost:8000/api/v1/auth/csrf-token:0
[   96235ms] [ERROR] WebSocket connection to 'ws://localhost:8000/ws?token=eyJhbGciOiJIUzI1NiIsInR5cCI6IkpXVCJ9.eyJ1c2VySWQiOiI4MDY5NDRlOC0xMGVjLTQ1Y2QtOTk3Yy1lZTNiODk1Mzk1YTYiLCJyb2xlcyI6WyJHVUlERSJdLCJ0b2tlblZlcnNpb24iOjAsImVtYWlsVmVyaWZpZWQiOnRydWUsImlhdCI6MTc3MTMyMDE4NiwiZXhwIjoxNzcxMzIxMDg2fQ.Yj6a9hu-SO0Cj6FD17aGB93F4gViNz1Zz8LIfey3d3E' failed: Error in connection establishment: net::ERR_CONNECTION_REFUSED @ http://localhost:3000/_next/static/chunks/src_468cb7e2._.js:499
[   96235ms] [ERROR] WebSocket error - connection failed. Check if server is running at http://localhost:8000 @ http://localhost:3000/_next/static/chunks/node_modules_next_dist_f3530cac._.js:3127
[  136059ms] [ERROR] Failed to load resource: net::ERR_CONNECTION_REFUSED @ http://localhost:8000/api/v1/notifications/unread-count:0
[  139423ms] [ERROR] Failed to load resource: net::ERR_CONNECTION_REFUSED @ http://localhost:8000/api/v1/notifications/unread-count:0
